To : sfoda@side.lu
Cc : sfoda@side.lu
Subject :  Today Absence List
Start Time : Thu Dec 11 14:22:30 EET 2008
End   Time : Thu Dec 11 14:22:34 EET 2008
To : sfoda@eastnets.com
Cc : null
Subject : ALL DEPT'S LIST (Click on "EMPS AJAX" columnn to execute AJAX)
Start Time : Thu Dec 11 14:26:20 EET 2008
To : sfoda@side.lu
Cc : sfoda@side.lu
Subject : ALL DEPT'S LIST (Click on "EMPS AJAX" columnn to execute AJAX)
Start Time : Thu Dec 11 14:27:14 EET 2008
End   Time : Thu Dec 11 14:27:16 EET 2008
To : sfoda@side.lu
Cc : sfoda@side.lu
Subject :  Today Absence List
Start Time : Mon Dec 22 09:01:24 EET 2008
To : sfoda@side.lu
Cc : sfoda@side.lu
Subject :  Today Absence List
Start Time : Mon Dec 22 09:20:17 EET 2008
To : sfoda@side.lu
Cc : sfoda@side.lu
Subject :  Today Absence List
Start Time : Mon Dec 22 09:30:03 EET 2008
To : sfoda@side.lu
Cc : sfoda@side.lu
Subject :  Today Absence List
Start Time : Mon Dec 22 09:31:26 EET 2008
To : sfoda@side.lu
Cc : sfoda@side.lu
Subject :  Today Absence List
Start Time : Tue Jan 13 11:19:57 EET 2009
To : sfoda@side.lu
Cc : sfoda@side.lu
Subject :  Today Absence List
Start Time : Tue Jan 13 11:20:39 EET 2009
To : sfoda@side.lu
Cc : sfoda@side.lu
Subject :  Today Absence List
Start Time : Tue Jan 13 11:23:28 EET 2009
Unable to Send Using Gmail Due to Unknown SMTP host: smtp.gmail.comTo : sfoda@side.lu
Cc : sfoda@side.lu
Subject : ALL DEPT'S LIST (Click on "EMPS AJAX" columnn to execute AJAX)
Start Time : Tue Jan 13 11:41:18 EET 2009
Unable to Send Using Gmail Due to Unknown SMTP host: smtp.gmail.comTo : sfoda@side.lu
Cc : sfoda@side.lu
Subject :  Today List of Employess did not sign in till now
Start Time : Wed Jan 14 12:01:29 EET 2009
To : sfoda@side.lu
Cc : sfoda@side.lu
Subject :  Today List of Employess did not sign in till now
Start Time : Wed Jan 14 12:08:45 EET 2009
To : sfoda@side.lu
Cc : sfoda@side.lu
Subject :  Today List of Employess did not sign in till now
Start Time : Wed Jan 14 12:14:18 EET 2009
To : sfoda@side.lu
Cc : sfoda@side.lu
Subject :  Today List of Employess did not sign in till now
Start Time : Wed Jan 14 12:14:54 EET 2009
To : sfoda@side.lu
Cc : sfoda@side.lu
Subject :  Today List of Employess did not sign in till now
Start Time : Tue Jan 13 12:45:23 EET 2009
To : sfoda@side.lu
Cc : sfoda@side.lu
Subject :  Today List of Employess did not sign in till now
Start Time : Wed Jan 14 12:53:09 EET 2009
End   Time : Wed Jan 14 12:53:18 EET 2009
To : sfoda@side.lu
Cc : sfoda@side.lu
Subject :  Today List of Employess did not sign in till now
Start Time : Wed Jan 14 12:58:28 EET 2009
End   Time : Wed Jan 14 12:58:31 EET 2009
To : sfoda@side.lu
Cc : sfoda@side.lu
Subject :  Today List of Employess did not sign in till now
Start Time : Wed Jan 14 13:01:47 EET 2009
End   Time : Wed Jan 14 13:01:49 EET 2009
To : sfoda@side.lu
Cc : sfoda@side.lu
Subject :  Today List of Employess did not sign in till now
Start Time : Wed Jan 14 13:03:46 EET 2009
End   Time : Wed Jan 14 13:03:54 EET 2009
To : sfoda@side.lu
Cc : sfoda@side.lu
Subject :  Today List of Employess did not sign in till now
Start Time : Wed Jan 14 14:52:44 EET 2009
End   Time : Wed Jan 14 14:52:53 EET 2009
To : sfoda@side.lu
Cc : sfoda@side.lu
Subject :  Today List of Employess did not sign in till now
Start Time : Thu Jan 15 09:03:27 EET 2009
End   Time : Thu Jan 15 09:03:36 EET 2009
To : sfoda@side.lu
Cc : sfoda@side.lu
Subject :  Today List of Employess did not sign in till now
Start Time : Thu Jan 15 10:42:23 EET 2009
End   Time : Thu Jan 15 10:42:27 EET 2009
To : sfoda@side.lu
Cc : sfoda@side.lu
Subject :  Today List of Employess did not sign in till now
Start Time : Tue Jan 20 09:57:19 EET 2009
End   Time : Tue Jan 20 09:57:25 EET 2009
To : sfoda@side.lu
Cc : sfoda@side.lu
Subject :  Today List of Employess did not sign in till now
Start Time : Tue Jan 20 10:00:09 EET 2009
End   Time : Tue Jan 20 10:00:16 EET 2009
To : sfoda@side.lu
Cc : sfoda@side.lu
Subject : ALL DEPT'S LIST (Click on "EMPS AJAX" columnn to execute AJAX)
Start Time : Thu Feb 26 21:54:28 EET 2009
Unable to Send Using Gmail Due to Unknown SMTP host: smtp.gmail.comTo : sfoda@side.lu
Cc : sfoda@side.lu
Subject : ALL DEPT'S LIST (Click on "EMPS AJAX" columnn to execute AJAX)
Start Time : Thu Feb 26 21:54:36 EET 2009
Unable to Send Using Gmail Due to Unknown SMTP host: smtp.gmail.comTo : sfoda@side.lu
Cc : sfoda@side.lu
Subject : ALL DEPT'S LIST (Click on "EMPS AJAX" columnn to execute AJAX)
Start Time : Thu Feb 26 21:54:46 EET 2009
Unable to Send Using Gmail Due to Unknown SMTP host: smtp.gmail.com