To : sfoda@eastnets.com
Cc : sfoda@eastnets.com
Subject : Time Attendannce for Emp No. 74  During Period $$fromDate To $$toDate
parameter  : 0 Name $$empID     Value = 74
Start Time : Sun Nov 30 12:23:41 EET 2008
End   Time : Sun Nov 30 12:23:48 EET 2008
To : sfoda@eastnets.com
Cc : sfoda@eastnets.com
Subject : Time Attendannce for Emp No. 74  During Period $$fromDate To $$toDate
parameter  : 0 Name $$empID     Value = 74
Start Time : Mon Dec 01 09:00:06 EET 2008
End   Time : Mon Dec 01 09:00:11 EET 2008
To : sfoda@eastnets.com
Cc : sfoda@eastnets.com
Subject : Time Attendannce for Emp No. 74  During Period $$fromDate To $$toDate
parameter  : 0 Name $$empID     Value = 74
Start Time : Tue Dec 02 09:25:41 EET 2008
End   Time : Tue Dec 02 09:25:49 EET 2008
To : sfoda@eastnets.com
Cc : sfoda@eastnets.com
Subject : Today Attendance Report
parameter  : 0 Name $$empID     Value = 74
Start Time : Wed Dec 03 08:45:26 EET 2008
To : sfoda@eastnets.com
Cc : sfoda@eastnets.com
Subject : Today Attendance Report
parameter  : 0 Name $$empID     Value = 74
Start Time : Thu Dec 11 09:00:02 EET 2008
To : sfoda@eastnets.com
Cc : sfoda@eastnets.com
Subject : Today Attendance Report
parameter  : 0 Name $$empID     Value = 74
Start Time : Thu Dec 11 09:01:51 EET 2008
To : sfoda@eastnets.com
Cc : sfoda@eastnets.com
Subject : Today Attendance Report
parameter  : 0 Name $$empID     Value = 74
Start Time : Thu Dec 11 09:03:27 EET 2008
To : sfoda@eastnets.com
Cc : sfoda@eastnets.com
Subject : Today Attendance Report
parameter  : 0 Name $$empID     Value = 74
Start Time : Thu Dec 11 09:04:08 EET 2008
End   Time : Thu Dec 11 09:04:11 EET 2008
To : sfoda@side.lu
Cc : sfoda@side.lu
Subject : Today Attendance Report
parameter  : 0 Name $$empID     Value = 74
Start Time : Thu Dec 11 09:06:17 EET 2008
To : sfoda@side.lu
Cc : sfoda@side.lu
Subject : Today Attendance Report
parameter  : 0 Name $$empID     Value = 74
Start Time : Thu Dec 11 09:13:01 EET 2008
End   Time : Thu Dec 11 09:13:03 EET 2008
To : sfoda@side.lu
Cc : sfoda@side.lu
Subject : Today Attendance Report
parameter  : 0 Name $$empID     Value = 74
Start Time : Thu Dec 11 09:15:10 EET 2008
End   Time : Thu Dec 11 09:15:15 EET 2008
To : sfoda@side.lu
Cc : sfoda@side.lu
Subject : Today Attendance Report
parameter  : 0 Name $$empID     Value = 74
Start Time : Thu Dec 11 09:34:51 EET 2008
End   Time : Thu Dec 11 09:34:52 EET 2008
To : sfoda@side.lu
Cc : sfoda@side.lu
Subject :  Today Absence List
Start Time : Thu Dec 11 14:17:55 EET 2008
End   Time : Thu Dec 11 14:17:57 EET 2008
To : sfoda@side.lu
Cc : sfoda@side.lu
Subject : Today Attendance Report
parameter  : 0 Name $$empID     Value = 74
Start Time : Sun Dec 14 09:00:08 EET 2008
End   Time : Sun Dec 14 09:00:11 EET 2008
To : sfoda@side.lu
Cc : sfoda@side.lu
Subject : Today Attendance Report
parameter  : 0 Name $$empID     Value = 74
Start Time : Tue Dec 16 09:00:18 EET 2008
End   Time : Tue Dec 16 09:00:27 EET 2008
To : sfoda@side.lu
Cc : sfoda@side.lu
Subject : Today Attendance Report
parameter  : 0 Name $$empID     Value = 74
Start Time : Thu Dec 18 09:00:06 EET 2008
End   Time : Thu Dec 18 09:00:11 EET 2008
To : sfoda@side.lu
Cc : sfoda@side.lu
Subject : Today Attendance Report
parameter  : 0 Name $$empID     Value = 74
Start Time : Sun Dec 21 09:00:07 EET 2008
End   Time : Sun Dec 21 09:00:17 EET 2008
To : sfoda@side.lu
Cc : sfoda@side.lu
Subject : Today Attendance Report
parameter  : 0 Name $$empID     Value = 74
Start Time : Tue Jan 13 11:41:34 EET 2009
Unable to Send Using Gmail Due to Unknown SMTP host: smtp.gmail.com